<?xml version="1.0" encoding="UTF-8"?>
<!-- Generated by org.testng.reporters.JUnitReportReporter -->
<testsuite hostname="DESKTOP-0P627CQ" failures="0" tests="1" name="com.qsp.vtiger.oppertunities.CreateOppertunitiesTest" time="122.408" errors="0" timestamp="05 Dec 2023 09:17:49 GMT" skipped="0">
  <testcase classname="com.qsp.vtiger.oppertunities.CreateOppertunitiesTest" name="createOppertunitiesAndVerifyOppertunitiesInformationTest" time="122.408"/>
</testsuite> <!-- com.qsp.vtiger.oppertunities.CreateOppertunitiesTest -->
