<?xml version="1.0" encoding="UTF-8"?>
<!-- Generated by org.testng.reporters.JUnitReportReporter -->
<testsuite hostname="DESKTOP-0P627CQ" failures="0" tests="1" name="com.qsp.vtiger.organizations.CreateOrganizationsTest" time="50.647" errors="0" timestamp="12 Nov 2023 16:39:58 GMT" skipped="0">
  <testcase classname="com.qsp.vtiger.organizations.CreateOrganizationsTest" name="toCreateAnOrganizationAndVerifyTheOrganizationsDetails" time="50.647"/>
</testsuite> <!-- com.qsp.vtiger.organizations.CreateOrganizationsTest -->
