<?xml version="1.0" encoding="UTF-8"?>
<!-- Generated by org.testng.reporters.JUnitReportReporter -->
<testsuite hostname="DESKTOP-0P627CQ" failures="0" tests="1" name="com.qsp.vtiger.leads.DemoLeadTest" time="0.014" errors="0" timestamp="25 Oct 2023 09:22:01 GMT" skipped="0">
  <testcase classname="com.qsp.vtiger.leads.DemoLeadTest" name="demoTest" time="0.014"/>
</testsuite> <!-- com.qsp.vtiger.leads.DemoLeadTest -->
