<?xml version="1.0" encoding="UTF-8"?>
<!-- Generated by org.testng.reporters.JUnitReportReporter -->
<testsuite hostname="DESKTOP-0P627CQ" failures="0" tests="1" name="com.qsp.vtiger.leads.ToCreateALeadTest" time="225.572" errors="0" timestamp="10 Nov 2023 06:08:56 GMT" skipped="0">
  <testcase classname="com.qsp.vtiger.leads.ToCreateALeadTest" name="toCreateALeadAndVerifyTheLeadDetails" time="225.572"/>
</testsuite> <!-- com.qsp.vtiger.leads.ToCreateALeadTest -->
